<?xml version="1.0" encoding="UTF-8"?>
<testsuite xmlns:xsi="http://www.w3.org/2001/XMLSchema-instance" xsi:noNamespaceSchemaLocation="https://maven.apache.org/surefire/maven-surefire-plugin/xsd/surefire-test-report.xsd" name="testrunners.UberTest" time="0.088" tests="4" errors="0" skipped="0" failures="0">
  <properties>
[...]
</properties>
  <testcase name="Booking  Cab sedan" classname="Uber Booking Feature" time="0.019"/>
  <testcase name="Booking   Cab Jaguar" classname="Uber Booking Feature" time="0.024"/>
  <testcase name="Booking   Cab Toyota LandCruiser" classname="Uber Booking Feature" time="0.013"/>
  <testcase name="Booking   Cab Mercedes" classname="Uber Booking Feature" time="0.018"/>
</testsuite>