<?xml version="1.0" encoding="UTF-8"?>
<testsuite xmlns:xsi="http://www.w3.org/2001/XMLSchema-instance" xsi:noNamespaceSchemaLocation="https://maven.apache.org/surefire/maven-surefire-plugin/xsd/surefire-test-report.xsd" name="testrunners.AmazonTest" time="0.053" tests="2" errors="0" skipped="0" failures="1">
  <properties>
[...]
</properties>
  <testcase name="Search a Product MacBook air" classname="Amazon Search" time="0.022"/>
  <testcase name="Search a Product Iphone" classname="Amazon Search" time="0.015">
    <failure message="expected:&lt;Apple Iphone&gt; but was:&lt;null&gt;" type="java.lang.AssertionError"><![CDATA[java.lang.AssertionError: expected:<Apple Iphone> but was:<null>
]]></failure>
    <system-out><![CDATA[
Scenario: Search a Product Iphone                                       &amp#27;[90m# src/test/resources/Search.feature:14&amp#27;[0m
launch amazon application
Step1: I am on the search page
  &amp#27;[32mGiven &amp#27;[0m&amp#27;[32mI have a  search field on Amazon Page&amp#27;[0m                           &amp#27;[90m# stepdefinition.SearchSteps.i_have_a_search_field_on_amazon_page()&amp#27;[0m
Step 2: Search  the product with name:Apple Iphoneprice :2000
  &amp#27;[32mWhen &amp#27;[0m&amp#27;[32mI search  for a product with  name &amp#27;[0m&amp#27;[32m&amp#27;[1m"Apple Iphone"&amp#27;[0m&amp#27;[32m and price &amp#27;[0m&amp#27;[32m&amp#27;[1m2000&amp#27;[0m &amp#27;[90m# stepdefinition.SearchSteps.i_search_for_a_product_with_name_and_price(java.lang.String,java.lang.Integer)&amp#27;[0m
Step 3 : Product Apple  Iphoneis displayed
 Search product is :null
  &amp#27;[31mThen &amp#27;[0m&amp#27;[31mProduct with name  &amp#27;[0m&amp#27;[31m&amp#27;[1m"Apple  Iphone"&amp#27;[0m&amp#27;[31m should  be  displayed&amp#27;[0m         &amp#27;[90m# stepdefinition.SearchSteps.product_with_name_should_be_displayed(java.lang.String)&amp#27;[0m
      &amp#27;[31mjava.lang.AssertionError: expected:<Apple Iphone> but was:<null>
	at org.junit.Assert.fail(Assert.java:89)
	at org.junit.Assert.failNotEquals(Assert.java:835)
	at org.junit.Assert.assertEquals(Assert.java:120)
	at org.junit.Assert.assertEquals(Assert.java:146)
	at stepdefinition.SearchSteps.product_with_name_should_be_displayed(SearchSteps.java:44)
	at ✽.Product with name  "Apple  Iphone" should  be  displayed(file:///home/Mola/eclipse-workspace/cucumberdemo/src/test/resources/Search.feature:17)
&amp#27;[0m
Close the browser
]]></system-out>
  </testcase>
</testsuite>