-------------------------------------------------------------------------------
Test set: testrunners.AmazonTest
-------------------------------------------------------------------------------
Tests run: 2, Failures: 1, Errors: 0, Skipped: 0, Time elapsed: 0.053 s <<< FAILURE! - in testrunners.AmazonTest
Search a Product Iphone(Amazon Search)  Time elapsed: 0.015 s  <<< FAILURE!
java.lang.AssertionError: expected:<Apple Iphone> but was:<null>

